{"C:\\Users\\param\\CCP555-2025F-NSD-Param-Katrodia-ParamJayeshKatrodia\\lab3\\src\\app.js": {"path":"C:\\Users\\param\\CCP555-2025F-NSD-Param-Katrodia-ParamJayeshKatrodia\\lab3\\src\\app.js","statementMap":{"0":{"start":{"line":2,"column":16},"end":{"line":2,"column":34}},"1":{"start":{"line":3,"column":13},"end":{"line":3,"column":28}},"2":{"start":{"line":4,"column":15},"end":{"line":4,"column":32}},"3":{"start":{"line":5,"column":20},"end":{"line":5,"column":42}},"4":{"start":{"line":6,"column":17},"end":{"line":6,"column":36}},"5":{"start":{"line":7,"column":17},"end":{"line":7,"column":37}},"6":{"start":{"line":9,"column":15},"end":{"line":9,"column":34}},"7":{"start":{"line":10,"column":13},"end":{"line":10,"column":30}},"8":{"start":{"line":11,"column":32},"end":{"line":11,"column":53}},"9":{"start":{"line":13,"column":12},"end":{"line":13,"column":21}},"10":{"start":{"line":15,"column":0},"end":{"line":15,"column":30}},"11":{"start":{"line":16,"column":0},"end":{"line":16,"column":18}},"12":{"start":{"line":17,"column":0},"end":{"line":17,"column":16}},"13":{"start":{"line":18,"column":0},"end":{"line":18,"column":23}},"14":{"start":{"line":20,"column":0},"end":{"line":20,"column":30}},"15":{"start":{"line":21,"column":0},"end":{"line":21,"column":31}},"16":{"start":{"line":24,"column":0},"end":{"line":24,"column":34}},"17":{"start":{"line":27,"column":0},"end":{"line":29,"column":3}},"18":{"start":{"line":28,"column":2},"end":{"line":28,"column":62}},"19":{"start":{"line":33,"column":0},"end":{"line":38,"column":3}},"20":{"start":{"line":34,"column":17},"end":{"line":34,"column":34}},"21":{"start":{"line":35,"column":18},"end":{"line":35,"column":60}},"22":{"start":{"line":36,"column":2},"end":{"line":36,"column":70}},"23":{"start":{"line":36,"column":20},"end":{"line":36,"column":70}},"24":{"start":{"line":37,"column":2},"end":{"line":37,"column":64}},"25":{"start":{"line":40,"column":0},"end":{"line":40,"column":21}}},"fnMap":{"0":{"name":"(anonymous_0)","decl":{"start":{"line":27,"column":8},"end":{"line":27,"column":9}},"loc":{"start":{"line":27,"column":22},"end":{"line":29,"column":1}},"line":27},"1":{"name":"(anonymous_1)","decl":{"start":{"line":33,"column":8},"end":{"line":33,"column":9}},"loc":{"start":{"line":33,"column":33},"end":{"line":38,"column":1}},"line":33}},"branchMap":{"0":{"loc":{"start":{"line":34,"column":17},"end":{"line":34,"column":34}},"type":"binary-expr","locations":[{"start":{"line":34,"column":17},"end":{"line":34,"column":27}},{"start":{"line":34,"column":31},"end":{"line":34,"column":34}}],"line":34},"1":{"loc":{"start":{"line":35,"column":18},"end":{"line":35,"column":60}},"type":"binary-expr","locations":[{"start":{"line":35,"column":18},"end":{"line":35,"column":29}},{"start":{"line":35,"column":33},"end":{"line":35,"column":60}}],"line":35},"2":{"loc":{"start":{"line":36,"column":2},"end":{"line":36,"column":70}},"type":"if","locations":[{"start":{"line":36,"column":2},"end":{"line":36,"column":70}},{"start":{},"end":{}}],"line":36}},"s":{"0":3,"1":3,"2":3,"3":3,"4":3,"5":3,"6":3,"7":3,"8":3,"9":3,"10":3,"11":3,"12":3,"13":3,"14":3,"15":3,"16":3,"17":3,"18":1,"19":3,"20":0,"21":0,"22":0,"23":0,"24":0,"25":3},"f":{"0":1,"1":0},"b":{"0":[0,0],"1":[0,0],"2":[0,0]},"_coverageSchema":"1a1c01bbd47fc00a2c39e90264f33305004495a9","hash":"7a24088ece82edefad8157f1bc832c989404f9cf"}
,"C:\\Users\\param\\CCP555-2025F-NSD-Param-Katrodia-ParamJayeshKatrodia\\lab3\\src\\logger.js": {"path":"C:\\Users\\param\\CCP555-2025F-NSD-Param-Katrodia-ParamJayeshKatrodia\\lab3\\src\\logger.js","statementMap":{"0":{"start":{"line":4,"column":16},"end":{"line":4,"column":58}},"1":{"start":{"line":7,"column":0},"end":{"line":14,"column":1}},"2":{"start":{"line":8,"column":2},"end":{"line":13,"column":4}},"3":{"start":{"line":17,"column":0},"end":{"line":17,"column":42}}},"fnMap":{},"branchMap":{"0":{"loc":{"start":{"line":4,"column":25},"end":{"line":4,"column":56}},"type":"binary-expr","locations":[{"start":{"line":4,"column":25},"end":{"line":4,"column":46}},{"start":{"line":4,"column":50},"end":{"line":4,"column":56}}],"line":4},"1":{"loc":{"start":{"line":7,"column":0},"end":{"line":14,"column":1}},"type":"if","locations":[{"start":{"line":7,"column":0},"end":{"line":14,"column":1}},{"start":{},"end":{}}],"line":7}},"s":{"0":3,"1":3,"2":0,"3":3},"f":{},"b":{"0":[3,0],"1":[0,3]},"_coverageSchema":"1a1c01bbd47fc00a2c39e90264f33305004495a9","hash":"32d13ca4e330894ecc4bdc3a0940255df6f466d1"}
,"C:\\Users\\param\\CCP555-2025F-NSD-Param-Katrodia-ParamJayeshKatrodia\\lab3\\src\\response.js": {"path":"C:\\Users\\param\\CCP555-2025F-NSD-Param-Katrodia-ParamJayeshKatrodia\\lab3\\src\\response.js","statementMap":{"0":{"start":{"line":11,"column":0},"end":{"line":17,"column":2}},"1":{"start":{"line":12,"column":2},"end":{"line":16,"column":4}},"2":{"start":{"line":30,"column":0},"end":{"line":38,"column":2}},"3":{"start":{"line":31,"column":2},"end":{"line":37,"column":4}}},"fnMap":{"0":{"name":"(anonymous_0)","decl":{"start":{"line":11,"column":39},"end":{"line":11,"column":40}},"loc":{"start":{"line":11,"column":55},"end":{"line":17,"column":1}},"line":11},"1":{"name":"(anonymous_1)","decl":{"start":{"line":30,"column":37},"end":{"line":30,"column":38}},"loc":{"start":{"line":30,"column":62},"end":{"line":38,"column":1}},"line":30}},"branchMap":{"0":{"loc":{"start":{"line":15,"column":8},"end":{"line":15,"column":18}},"type":"binary-expr","locations":[{"start":{"line":15,"column":8},"end":{"line":15,"column":12}},{"start":{"line":15,"column":16},"end":{"line":15,"column":18}}],"line":15}},"s":{"0":4,"1":7,"2":4,"3":2},"f":{"0":7,"1":2},"b":{"0":[7,1]},"_coverageSchema":"1a1c01bbd47fc00a2c39e90264f33305004495a9","hash":"2dcc9e3502680aac9a20d228f9a62818888b6738"}
,"C:\\Users\\param\\CCP555-2025F-NSD-Param-Katrodia-ParamJayeshKatrodia\\lab3\\src\\auth\\basic-auth.js": {"path":"C:\\Users\\param\\CCP555-2025F-NSD-Param-Katrodia-ParamJayeshKatrodia\\lab3\\src\\auth\\basic-auth.js","statementMap":{"0":{"start":{"line":4,"column":13},"end":{"line":4,"column":33}},"1":{"start":{"line":5,"column":17},"end":{"line":5,"column":36}},"2":{"start":{"line":6,"column":21},"end":{"line":6,"column":50}},"3":{"start":{"line":7,"column":15},"end":{"line":7,"column":35}},"4":{"start":{"line":10,"column":0},"end":{"line":12,"column":1}},"5":{"start":{"line":11,"column":2},"end":{"line":11,"column":61}},"6":{"start":{"line":14,"column":0},"end":{"line":14,"column":46}},"7":{"start":{"line":16,"column":0},"end":{"line":21,"column":4}},"8":{"start":{"line":17,"column":2},"end":{"line":21,"column":3}},"9":{"start":{"line":23,"column":0},"end":{"line":23,"column":86}},"10":{"start":{"line":23,"column":36},"end":{"line":23,"column":85}}},"fnMap":{"0":{"name":"(anonymous_0)","decl":{"start":{"line":16,"column":26},"end":{"line":16,"column":27}},"loc":{"start":{"line":17,"column":2},"end":{"line":21,"column":3}},"line":17},"1":{"name":"(anonymous_1)","decl":{"start":{"line":23,"column":30},"end":{"line":23,"column":31}},"loc":{"start":{"line":23,"column":36},"end":{"line":23,"column":85}},"line":23}},"branchMap":{"0":{"loc":{"start":{"line":10,"column":0},"end":{"line":12,"column":1}},"type":"if","locations":[{"start":{"line":10,"column":0},"end":{"line":12,"column":1}},{"start":{},"end":{}}],"line":10}},"s":{"0":3,"1":3,"2":3,"3":3,"4":3,"5":0,"6":3,"7":3,"8":3,"9":3,"10":3},"f":{"0":3,"1":3},"b":{"0":[0,3]},"_coverageSchema":"1a1c01bbd47fc00a2c39e90264f33305004495a9","hash":"ee94116e35f62fe79220aad47e420914735031ee"}
,"C:\\Users\\param\\CCP555-2025F-NSD-Param-Katrodia-ParamJayeshKatrodia\\lab3\\src\\auth\\index.js": {"path":"C:\\Users\\param\\CCP555-2025F-NSD-Param-Katrodia-ParamJayeshKatrodia\\lab3\\src\\auth\\index.js","statementMap":{"0":{"start":{"line":4,"column":19},"end":{"line":4,"column":91}},"1":{"start":{"line":5,"column":17},"end":{"line":5,"column":44}},"2":{"start":{"line":7,"column":0},"end":{"line":11,"column":1}},"3":{"start":{"line":8,"column":2},"end":{"line":10,"column":4}},"4":{"start":{"line":13,"column":0},"end":{"line":19,"column":1}},"5":{"start":{"line":14,"column":2},"end":{"line":14,"column":40}},"6":{"start":{"line":15,"column":7},"end":{"line":19,"column":1}},"7":{"start":{"line":16,"column":2},"end":{"line":16,"column":43}},"8":{"start":{"line":18,"column":2},"end":{"line":18,"column":76}}},"fnMap":{},"branchMap":{"0":{"loc":{"start":{"line":4,"column":22},"end":{"line":4,"column":90}},"type":"binary-expr","locations":[{"start":{"line":4,"column":22},"end":{"line":4,"column":53}},{"start":{"line":4,"column":57},"end":{"line":4,"column":90}}],"line":4},"1":{"loc":{"start":{"line":7,"column":0},"end":{"line":11,"column":1}},"type":"if","locations":[{"start":{"line":7,"column":0},"end":{"line":11,"column":1}},{"start":{},"end":{}}],"line":7},"2":{"loc":{"start":{"line":7,"column":4},"end":{"line":7,"column":26}},"type":"binary-expr","locations":[{"start":{"line":7,"column":4},"end":{"line":7,"column":14}},{"start":{"line":7,"column":18},"end":{"line":7,"column":26}}],"line":7},"3":{"loc":{"start":{"line":13,"column":0},"end":{"line":19,"column":1}},"type":"if","locations":[{"start":{"line":13,"column":0},"end":{"line":19,"column":1}},{"start":{"line":15,"column":7},"end":{"line":19,"column":1}}],"line":13},"4":{"loc":{"start":{"line":15,"column":7},"end":{"line":19,"column":1}},"type":"if","locations":[{"start":{"line":15,"column":7},"end":{"line":19,"column":1}},{"start":{"line":17,"column":7},"end":{"line":19,"column":1}}],"line":15},"5":{"loc":{"start":{"line":15,"column":11},"end":{"line":15,"column":60}},"type":"binary-expr","locations":[{"start":{"line":15,"column":11},"end":{"line":15,"column":19}},{"start":{"line":15,"column":23},"end":{"line":15,"column":60}}],"line":15}},"s":{"0":3,"1":3,"2":3,"3":0,"4":3,"5":0,"6":3,"7":3,"8":0},"f":{},"b":{"0":[3,0],"1":[0,3],"2":[3,0],"3":[0,3],"4":[3,0],"5":[3,3]},"_coverageSchema":"1a1c01bbd47fc00a2c39e90264f33305004495a9","hash":"313df6894baed32ae2862eeaf4c9e8563411c846"}
,"C:\\Users\\param\\CCP555-2025F-NSD-Param-Katrodia-ParamJayeshKatrodia\\lab3\\src\\routes\\index.js": {"path":"C:\\Users\\param\\CCP555-2025F-NSD-Param-Katrodia-ParamJayeshKatrodia\\lab3\\src\\routes\\index.js","statementMap":{"0":{"start":{"line":2,"column":16},"end":{"line":2,"column":34}},"1":{"start":{"line":3,"column":15},"end":{"line":3,"column":31}},"2":{"start":{"line":5,"column":28},"end":{"line":5,"column":57}},"3":{"start":{"line":6,"column":34},"end":{"line":6,"column":56}},"4":{"start":{"line":9,"column":0},"end":{"line":18,"column":3}},"5":{"start":{"line":10,"column":2},"end":{"line":10,"column":45}},"6":{"start":{"line":11,"column":2},"end":{"line":17,"column":4}},"7":{"start":{"line":21,"column":25},"end":{"line":21,"column":43}},"8":{"start":{"line":22,"column":0},"end":{"line":22,"column":52}},"9":{"start":{"line":24,"column":0},"end":{"line":24,"column":24}}},"fnMap":{"0":{"name":"(anonymous_0)","decl":{"start":{"line":9,"column":16},"end":{"line":9,"column":17}},"loc":{"start":{"line":9,"column":30},"end":{"line":18,"column":1}},"line":9}},"branchMap":{},"s":{"0":3,"1":3,"2":3,"3":3,"4":3,"5":4,"6":4,"7":3,"8":3,"9":3},"f":{"0":4},"b":{},"_coverageSchema":"1a1c01bbd47fc00a2c39e90264f33305004495a9","hash":"846df0413f24bba3ff4faf90f00d4efb9d4fb8c8"}
,"C:\\Users\\param\\CCP555-2025F-NSD-Param-Katrodia-ParamJayeshKatrodia\\lab3\\src\\routes\\api\\get.js": {"path":"C:\\Users\\param\\CCP555-2025F-NSD-Param-Katrodia-ParamJayeshKatrodia\\lab3\\src\\routes\\api\\get.js","statementMap":{"0":{"start":{"line":2,"column":34},"end":{"line":2,"column":59}},"1":{"start":{"line":7,"column":0},"end":{"line":13,"column":2}},"2":{"start":{"line":8,"column":2},"end":{"line":12,"column":4}}},"fnMap":{"0":{"name":"(anonymous_0)","decl":{"start":{"line":7,"column":17},"end":{"line":7,"column":18}},"loc":{"start":{"line":7,"column":31},"end":{"line":13,"column":1}},"line":7}},"branchMap":{},"s":{"0":3,"1":3,"2":1},"f":{"0":1},"b":{},"_coverageSchema":"1a1c01bbd47fc00a2c39e90264f33305004495a9","hash":"889e1d99382ad50a11d7f45d210b63da7f9bd78f"}
,"C:\\Users\\param\\CCP555-2025F-NSD-Param-Katrodia-ParamJayeshKatrodia\\lab3\\src\\routes\\api\\index.js": {"path":"C:\\Users\\param\\CCP555-2025F-NSD-Param-Katrodia-ParamJayeshKatrodia\\lab3\\src\\routes\\api\\index.js","statementMap":{"0":{"start":{"line":2,"column":16},"end":{"line":2,"column":34}},"1":{"start":{"line":3,"column":15},"end":{"line":3,"column":31}},"2":{"start":{"line":5,"column":0},"end":{"line":5,"column":43}},"3":{"start":{"line":7,"column":0},"end":{"line":7,"column":24}}},"fnMap":{},"branchMap":{},"s":{"0":3,"1":3,"2":3,"3":3},"f":{},"b":{},"_coverageSchema":"1a1c01bbd47fc00a2c39e90264f33305004495a9","hash":"7f3e758d10d103ee78141a2e88eb60ea9dbf6c2b"}
}
